2022/10/17, 22:33:37 INFO Scheduler started
2022/10/17, 22:33:51 INFO Бот запущен None id 1065021412
2022/10/17, 22:33:58 INFO Пользователь выбрал игру в конфеты
2022/10/17, 22:34:04 INFO В игре будет 46 конфет
2022/10/17, 22:34:09 INFO Максимально можно взять 15 конфет
2022/10/17, 22:34:09 INFO Первым играет бот
2022/10/17, 22:34:09 INFO Бот взял 14 Осталось 46
2022/10/17, 22:34:18 INFO Пользователь взял 15 Осталось 46
2022/10/17, 22:34:18 INFO Осталось 31
2022/10/17, 22:34:18 INFO Бот взял 15 Осталось 16
2022/10/17, 22:34:25 INFO Пользователь взял 14 Осталось 16
2022/10/17, 22:34:25 INFO Осталось 2
2022/10/17, 22:34:25 INFO Завершение программы
2022/10/17, 22:34:34 INFO Бот запущен None id 1065021412
2022/10/17, 22:34:36 INFO Пользователь выбрал калькулятор
2022/10/17, 22:34:39 INFO Пользователь ввел первое число: 23.0
2022/10/17, 22:34:42 INFO Пользователь ввел второе число: 54.0
2022/10/17, 22:34:44 INFO Результат вычисления: 77.0
2022/10/17, 22:34:44 INFO Завершение программы
2022/10/17, 22:41:57 INFO Received signal 2 (SIGINT), stopping...
2022/10/17, 22:41:57 INFO Scheduler has been shut down
2022/10/17, 22:42:51 INFO Scheduler started
2022/10/17, 22:42:55 INFO Бот запущен None id 1065021412
2022/10/17, 22:42:57 INFO Пользователь выбрал игру в конфеты
2022/10/17, 22:43:03 INFO В игре будет 455 конфет
2022/10/17, 22:43:08 INFO Максимально можно взять 56 конфет
2022/10/17, 22:43:08 INFO Первым играет пользователь
2022/10/17, 22:43:11 INFO Пользователь взял 54 Осталось 455
2022/10/17, 22:43:11 INFO Пользователь взял 54 Осталось 401
2022/10/17, 22:43:11 INFO Бот взял 2 Осталось 399
2022/10/17, 22:43:35 INFO Пользователь взял 56 Осталось 399
2022/10/17, 22:43:35 INFO Пользователь взял 56 Осталось 343
2022/10/17, 22:43:36 INFO Бот взял 1 Осталось 342
2022/10/17, 22:43:37 INFO Пользователь взял 56 Осталось 342
2022/10/17, 22:43:37 INFO Пользователь взял 56 Осталось 286
2022/10/17, 22:43:37 INFO Бот взял 1 Осталось 285
2022/10/17, 22:43:38 INFO Пользователь взял 56 Осталось 285
2022/10/17, 22:43:38 INFO Пользователь взял 56 Осталось 229
2022/10/17, 22:43:39 INFO Бот взял 1 Осталось 228
2022/10/17, 22:43:40 INFO Пользователь взял 56 Осталось 228
2022/10/17, 22:43:40 INFO Пользователь взял 56 Осталось 172
2022/10/17, 22:43:40 INFO Бот взял 1 Осталось 171
2022/10/17, 22:43:41 INFO Пользователь взял 56 Осталось 171
2022/10/17, 22:43:41 INFO Пользователь взял 56 Осталось 115
2022/10/17, 22:43:41 INFO Бот взял 1 Осталось 114
2022/10/17, 22:43:42 INFO Пользователь взял 56 Осталось 114
2022/10/17, 22:43:42 INFO Пользователь взял 56 Осталось 58
2022/10/17, 22:43:42 INFO Бот взял 1 Осталось 57
2022/10/17, 22:43:44 INFO Пользователь взял 56 Осталось 57
2022/10/17, 22:43:44 INFO Пользователь взял 56 Осталось 1
2022/10/17, 22:43:44 INFO Завершение программы
2022/10/17, 22:47:33 INFO Received signal 2 (SIGINT), stopping...
2022/10/17, 22:47:33 INFO Scheduler has been shut down
2022/10/17, 22:47:51 INFO Scheduler started
2022/10/17, 22:47:55 INFO Бот запущен None id 1065021412
2022/10/17, 22:47:56 INFO Пользователь выбрал игру в конфеты
2022/10/17, 22:48:02 INFO В игре будет 100 конфет
2022/10/17, 22:48:06 INFO Максимально можно взять 17 конфет
2022/10/17, 22:48:06 INFO Первым играет бот
2022/10/17, 22:48:06 INFO Бот взял 10 Осталось 100
2022/10/17, 22:48:29 INFO Пользователь взял 17 Осталось 83
2022/10/17, 22:48:30 INFO Бот взял 11 Осталось 72
2022/10/17, 22:48:38 INFO Пользователь взял 17 Осталось 55
2022/10/17, 22:48:38 INFO Бот взял 1 Осталось 54
2022/10/17, 22:48:41 INFO Пользователь взял 17 Осталось 37
2022/10/17, 22:48:41 INFO Бот взял 1 Осталось 36
2022/10/17, 22:48:44 INFO Пользователь взял 17 Осталось 19
2022/10/17, 22:48:44 INFO Бот взял 1 Осталось 18
2022/10/17, 22:48:47 INFO Пользователь взял 17 Осталось 1
2022/10/17, 22:48:48 INFO Завершение программы
2022/10/17, 22:52:20 INFO Received signal 2 (SIGINT), stopping...
2022/10/17, 22:52:20 INFO Scheduler has been shut down
2022/10/17, 22:52:50 INFO Scheduler started
2022/10/17, 22:52:53 INFO Бот запущен None id 1065021412
2022/10/17, 22:52:55 INFO Пользователь выбрал игру в конфеты
2022/10/17, 22:52:58 INFO В игре будет 35 конфет
2022/10/17, 22:53:01 INFO Максимально можно взять 12 конфет
2022/10/17, 22:53:01 INFO Первым играет пользователь
2022/10/17, 22:53:06 INFO Пользователь взял 10 Осталось 25
2022/10/17, 22:53:06 INFO Бот взял 12 Осталось 13
2022/10/17, 22:53:20 INFO Пользователь взял 12 Осталось 1
2022/10/17, 22:53:20 INFO Бот взял 1 Осталось 0 Бот победил
2022/10/17, 22:53:20 INFO Завершение программы
2022/10/17, 22:56:36 INFO Received signal 2 (SIGINT), stopping...
2022/10/17, 22:56:36 INFO Scheduler has been shut down
2022/10/17, 22:57:21 INFO Scheduler started
2022/10/17, 22:57:26 INFO Бот запущен None id 1065021412
2022/10/17, 22:57:27 INFO Пользователь выбрал игру в конфеты
2022/10/17, 22:57:31 INFO В игре будет 45 конфет
2022/10/17, 22:57:35 INFO Максимально можно взять 10 конфет
2022/10/17, 22:57:35 INFO Первым играет пользователь
2022/10/17, 22:57:38 INFO Пользователь взял 9 Осталось 36
2022/10/17, 22:57:38 INFO Бот взял 3 Осталось 33
2022/10/17, 22:57:45 INFO Пользователь взял 10 Осталось 23
2022/10/17, 22:57:45 INFO Бот взял 1 Осталось 22
2022/10/17, 22:57:58 INFO Пользователь взял 10 Осталось 12
2022/10/17, 22:57:58 INFO Бот взял 1 Осталось 11
2022/10/17, 22:58:01 INFO Пользователь взял 7 Осталось 4
2022/10/17, 22:58:02 INFO Бот взял 4 Осталось 0 Бот победил
2022/10/17, 22:58:02 INFO Завершение программы
2022/10/17, 22:58:54 INFO Received signal 2 (SIGINT), stopping...
2022/10/17, 22:58:54 INFO Scheduler has been shut down
